<?xml version="1.0" encoding="UTF-8"?>
<testsuite xmlns:xsi="http://www.w3.org/2001/XMLSchema-instance" xsi:noNamespaceSchemaLocation="https://maven.apache.org/surefire/maven-failsafe-plugin/xsd/failsafe-test-report-3.0.xsd" version="3.0" name="Runner.TestRunner" time="4.58" tests="2" errors="0" skipped="0" failures="0">
  <properties>
    <property name="sun.desktop" value="windows"/>
    <property name="awt.toolkit" value="sun.awt.windows.WToolkit"/>
    <property name="file.encoding.pkg" value="sun.io"/>
    <property name="java.specification.version" value="1.8"/>
    <property name="sun.cpu.isalist" value="amd64"/>
    <property name="sun.jnu.encoding" value="Cp1252"/>
    <property name="java.class.path" value="D:\CucumberDiSpring\target\test-classes;D:\CucumberDiSpring\target\CucumberDiSpring-1.0-SNAPSHOT.jar;C:\Users\Tammy\.m2\repository\junit\junit\4.11\junit-4.11.jar;C:\Users\Tammy\.m2\repository\org\hamcrest\hamcrest-core\1.3\hamcrest-core-1.3.jar;C:\Users\Tammy\.m2\repository\org\assertj\assertj-core\3.11.1\assertj-core-3.11.1.jar;C:\Users\Tammy\.m2\repository\com\fasterxml\jackson\core\jackson-databind\2.0.2\jackson-databind-2.0.2.jar;C:\Users\Tammy\.m2\repository\com\fasterxml\jackson\core\jackson-annotations\2.0.2\jackson-annotations-2.0.2.jar;C:\Users\Tammy\.m2\repository\com\fasterxml\jackson\core\jackson-core\2.0.2\jackson-core-2.0.2.jar;C:\Users\Tammy\.m2\repository\org\projectlombok\lombok\1.18.12\lombok-1.18.12.jar;C:\Users\Tammy\.m2\repository\io\cucumber\cucumber-spring\5.7.0\cucumber-spring-5.7.0.jar;C:\Users\Tammy\.m2\repository\org\apiguardian\apiguardian-api\1.1.0\apiguardian-api-1.1.0.jar;C:\Users\Tammy\.m2\repository\org\springframework\spring-context\5.0.2.RELEASE\spring-context-5.0.2.RELEASE.jar;C:\Users\Tammy\.m2\repository\org\springframework\spring-aop\5.0.2.RELEASE\spring-aop-5.0.2.RELEASE.jar;C:\Users\Tammy\.m2\repository\org\springframework\spring-expression\5.0.2.RELEASE\spring-expression-5.0.2.RELEASE.jar;C:\Users\Tammy\.m2\repository\org\springframework\spring-core\5.0.2.RELEASE\spring-core-5.0.2.RELEASE.jar;C:\Users\Tammy\.m2\repository\org\springframework\spring-jcl\5.0.2.RELEASE\spring-jcl-5.0.2.RELEASE.jar;C:\Users\Tammy\.m2\repository\org\springframework\spring-beans\5.0.2.RELEASE\spring-beans-5.0.2.RELEASE.jar;C:\Users\Tammy\.m2\repository\org\springframework\spring-test\5.0.2.RELEASE\spring-test-5.0.2.RELEASE.jar;C:\Users\Tammy\.m2\repository\io\cucumber\cucumber-junit\6.5.0\cucumber-junit-6.5.0.jar;C:\Users\Tammy\.m2\repository\io\cucumber\cucumber-java\6.5.0\cucumber-java-6.5.0.jar;C:\Users\Tammy\.m2\repository\io\cucumber\cucumber-core\6.5.0\cucumber-core-6.5.0.jar;C:\Users\Tammy\.m2\repository\io\cucumber\cucumber-gherkin\6.5.0\cucumber-gherkin-6.5.0.jar;C:\Users\Tammy\.m2\repository\io\cucumber\cucumber-gherkin-messages\6.5.0\cucumber-gherkin-messages-6.5.0.jar;C:\Users\Tammy\.m2\repository\io\cucumber\messages\13.0.1\messages-13.0.1.jar;C:\Users\Tammy\.m2\repository\io\cucumber\tag-expressions\3.0.0\tag-expressions-3.0.0.jar;C:\Users\Tammy\.m2\repository\io\cucumber\cucumber-expressions\10.3.0\cucumber-expressions-10.3.0.jar;C:\Users\Tammy\.m2\repository\io\cucumber\datatable\3.4.0\datatable-3.4.0.jar;C:\Users\Tammy\.m2\repository\io\cucumber\cucumber-plugin\6.5.0\cucumber-plugin-6.5.0.jar;C:\Users\Tammy\.m2\repository\io\cucumber\docstring\6.5.0\docstring-6.5.0.jar;C:\Users\Tammy\.m2\repository\io\cucumber\html-formatter\9.0.0\html-formatter-9.0.0.jar;C:\Users\Tammy\.m2\repository\io\cucumber\create-meta\2.0.0\create-meta-2.0.0.jar;"/>
    <property name="java.vm.vendor" value="Oracle Corporation"/>
    <property name="sun.arch.data.model" value="64"/>
    <property name="user.variant" value=""/>
    <property name="java.vendor.url" value="http://java.oracle.com/"/>
    <property name="user.timezone" value="Asia/Calcutta"/>
    <property name="java.vm.specification.version" value="1.8"/>
    <property name="os.name" value="Windows 10"/>
    <property name="user.country" value="IN"/>
    <property name="sun.java.launcher" value="SUN_STANDARD"/>
    <property name="sun.boot.library.path" value="C:\Program Files\Java\jdk1.8.0_91\jre\bin"/>
    <property name="sun.java.command" value="C:\Users\Tammy\AppData\Local\Temp\surefire5119545575073985344\surefirebooter1567455281658005417.jar C:\Users\Tammy\AppData\Local\Temp\surefire5119545575073985344 2020-08-21T00-45-46_338-jvmRun1 surefire2153590304062405787tmp surefire_0575050976142849598tmp"/>
    <property name="surefire.test.class.path" value="D:\CucumberDiSpring\target\test-classes;D:\CucumberDiSpring\target\CucumberDiSpring-1.0-SNAPSHOT.jar;C:\Users\Tammy\.m2\repository\junit\junit\4.11\junit-4.11.jar;C:\Users\Tammy\.m2\repository\org\hamcrest\hamcrest-core\1.3\hamcrest-core-1.3.jar;C:\Users\Tammy\.m2\repository\org\assertj\assertj-core\3.11.1\assertj-core-3.11.1.jar;C:\Users\Tammy\.m2\repository\com\fasterxml\jackson\core\jackson-databind\2.0.2\jackson-databind-2.0.2.jar;C:\Users\Tammy\.m2\repository\com\fasterxml\jackson\core\jackson-annotations\2.0.2\jackson-annotations-2.0.2.jar;C:\Users\Tammy\.m2\repository\com\fasterxml\jackson\core\jackson-core\2.0.2\jackson-core-2.0.2.jar;C:\Users\Tammy\.m2\repository\org\projectlombok\lombok\1.18.12\lombok-1.18.12.jar;C:\Users\Tammy\.m2\repository\io\cucumber\cucumber-spring\5.7.0\cucumber-spring-5.7.0.jar;C:\Users\Tammy\.m2\repository\org\apiguardian\apiguardian-api\1.1.0\apiguardian-api-1.1.0.jar;C:\Users\Tammy\.m2\repository\org\springframework\spring-context\5.0.2.RELEASE\spring-context-5.0.2.RELEASE.jar;C:\Users\Tammy\.m2\repository\org\springframework\spring-aop\5.0.2.RELEASE\spring-aop-5.0.2.RELEASE.jar;C:\Users\Tammy\.m2\repository\org\springframework\spring-expression\5.0.2.RELEASE\spring-expression-5.0.2.RELEASE.jar;C:\Users\Tammy\.m2\repository\org\springframework\spring-core\5.0.2.RELEASE\spring-core-5.0.2.RELEASE.jar;C:\Users\Tammy\.m2\repository\org\springframework\spring-jcl\5.0.2.RELEASE\spring-jcl-5.0.2.RELEASE.jar;C:\Users\Tammy\.m2\repository\org\springframework\spring-beans\5.0.2.RELEASE\spring-beans-5.0.2.RELEASE.jar;C:\Users\Tammy\.m2\repository\org\springframework\spring-test\5.0.2.RELEASE\spring-test-5.0.2.RELEASE.jar;C:\Users\Tammy\.m2\repository\io\cucumber\cucumber-junit\6.5.0\cucumber-junit-6.5.0.jar;C:\Users\Tammy\.m2\repository\io\cucumber\cucumber-java\6.5.0\cucumber-java-6.5.0.jar;C:\Users\Tammy\.m2\repository\io\cucumber\cucumber-core\6.5.0\cucumber-core-6.5.0.jar;C:\Users\Tammy\.m2\repository\io\cucumber\cucumber-gherkin\6.5.0\cucumber-gherkin-6.5.0.jar;C:\Users\Tammy\.m2\repository\io\cucumber\cucumber-gherkin-messages\6.5.0\cucumber-gherkin-messages-6.5.0.jar;C:\Users\Tammy\.m2\repository\io\cucumber\messages\13.0.1\messages-13.0.1.jar;C:\Users\Tammy\.m2\repository\io\cucumber\tag-expressions\3.0.0\tag-expressions-3.0.0.jar;C:\Users\Tammy\.m2\repository\io\cucumber\cucumber-expressions\10.3.0\cucumber-expressions-10.3.0.jar;C:\Users\Tammy\.m2\repository\io\cucumber\datatable\3.4.0\datatable-3.4.0.jar;C:\Users\Tammy\.m2\repository\io\cucumber\cucumber-plugin\6.5.0\cucumber-plugin-6.5.0.jar;C:\Users\Tammy\.m2\repository\io\cucumber\docstring\6.5.0\docstring-6.5.0.jar;C:\Users\Tammy\.m2\repository\io\cucumber\html-formatter\9.0.0\html-formatter-9.0.0.jar;C:\Users\Tammy\.m2\repository\io\cucumber\create-meta\2.0.0\create-meta-2.0.0.jar;"/>
    <property name="sun.cpu.endian" value="little"/>
    <property name="user.home" value="C:\Users\Tammy"/>
    <property name="user.language" value="en"/>
    <property name="java.specification.vendor" value="Oracle Corporation"/>
    <property name="java.home" value="C:\Program Files\Java\jdk1.8.0_91\jre"/>
    <property name="basedir" value="D:\CucumberDiSpring"/>
    <property name="file.separator" value="\"/>
    <property name="line.separator" value="&#10;"/>
    <property name="java.vm.specification.vendor" value="Oracle Corporation"/>
    <property name="java.specification.name" value="Java Platform API Specification"/>
    <property name="java.awt.graphicsenv" value="sun.awt.Win32GraphicsEnvironment"/>
    <property name="surefire.real.class.path" value="C:\Users\Tammy\AppData\Local\Temp\surefire5119545575073985344\surefirebooter1567455281658005417.jar"/>
    <property name="sun.boot.class.path" value="C:\Program Files\Java\jdk1.8.0_91\jre\lib\resources.jar;C:\Program Files\Java\jdk1.8.0_91\jre\lib\rt.jar;C:\Program Files\Java\jdk1.8.0_91\jre\lib\sunrsasign.jar;C:\Program Files\Java\jdk1.8.0_91\jre\lib\jsse.jar;C:\Program Files\Java\jdk1.8.0_91\jre\lib\jce.jar;C:\Program Files\Java\jdk1.8.0_91\jre\lib\charsets.jar;C:\Program Files\Java\jdk1.8.0_91\jre\lib\jfr.jar;C:\Program Files\Java\jdk1.8.0_91\jre\classes"/>
    <property name="user.script" value=""/>
    <property name="sun.management.compiler" value="HotSpot 64-Bit Tiered Compilers"/>
    <property name="java.runtime.version" value="1.8.0_91-b15"/>
    <property name="user.name" value="Tammy"/>
    <property name="path.separator" value=";"/>
    <property name="os.version" value="10.0"/>
    <property name="java.endorsed.dirs" value="C:\Program Files\Java\jdk1.8.0_91\jre\lib\endorsed"/>
    <property name="java.runtime.name" value="Java(TM) SE Runtime Environment"/>
    <property name="file.encoding" value="Cp1252"/>
    <property name="java.vm.name" value="Java HotSpot(TM) 64-Bit Server VM"/>
    <property name="localRepository" value="C:\Users\Tammy\.m2\repository"/>
    <property name="java.vendor.url.bug" value="http://bugreport.sun.com/bugreport/"/>
    <property name="java.io.tmpdir" value="C:\Users\Tammy\AppData\Local\Temp\"/>
    <property name="java.version" value="1.8.0_91"/>
    <property name="user.dir" value="D:\CucumberDiSpring"/>
    <property name="os.arch" value="amd64"/>
    <property name="java.vm.specification.name" value="Java Virtual Machine Specification"/>
    <property name="java.awt.printerjob" value="sun.awt.windows.WPrinterJob"/>
    <property name="sun.os.patch.level" value=""/>
    <property name="java.library.path" value="C:\Program Files\Java\jdk1.8.0_91\jre\bin;C:\WINDOWS\Sun\Java\bin;C:\WINDOWS\system32;C:\WINDOWS;C:\ProgramData\Oracle\Java\javapath;C:\WINDOWS\system32;C:\WINDOWS;C:\WINDOWS\System32\Wbem;C:\WINDOWS\System32\WindowsPowerShell\v1.0\;D:\software\apache-maven-3.6.1-bin\apache-maven-3.6.1\bin;C:\Program Files\Git\cmd;C:\Program Files\PuTTY\;C:\Program Files\Java\jdk1.8.0_91\bin;;C:\WINDOWS\System32\OpenSSH\;C:\ProgramData\chocolatey\bin;D:\software\python\Scripts\;D:\software\python\;D:\software\Scripts\;D:\software\;C:\Users\Tammy\AppData\Local\Microsoft\WindowsApps;;C:\Program Files\JetBrains\PyCharm Community Edition 2019.3.2\bin;;."/>
    <property name="java.vm.info" value="mixed mode"/>
    <property name="java.vendor" value="Oracle Corporation"/>
    <property name="java.vm.version" value="25.91-b15"/>
    <property name="java.ext.dirs" value="C:\Program Files\Java\jdk1.8.0_91\jre\lib\ext;C:\WINDOWS\Sun\Java\lib\ext"/>
    <property name="sun.io.unicode.encoding" value="UnicodeLittle"/>
    <property name="java.class.version" value="52.0"/>
  </properties>
  <testcase name="Demo Scenario" classname="demo feature" time="2.161">
    <system-out><![CDATA[
Scenario: Demo Scenario # feature/Demo.feature:2
My Id------My pwd
  Given the creds       # CucumberDiSpring.steps.DemoSteps.the_creds()
/job/purge
  When hit the endpoint # CucumberDiSpring.steps.DemoSteps.hit_the_endpoint()
purged withMy Id
  Then Purge happens    # CucumberDiSpring.steps.DemoSteps.purge_happens()
]]></system-out>
    <system-err><![CDATA[Aug 21, 2020 12:45:51 AM org.springframework.test.context.support.AbstractTestContextBootstrapper getDefaultTestExecutionListenerClassNames
INFO: Loaded default TestExecutionListener class names from location [META-INF/spring.factories]: [org.springframework.test.context.web.ServletTestExecutionListener, org.springframework.test.context.support.DirtiesContextBeforeModesTestExecutionListener, org.springframework.test.context.support.DependencyInjectionTestExecutionListener, org.springframework.test.context.support.DirtiesContextTestExecutionListener, org.springframework.test.context.transaction.TransactionalTestExecutionListener, org.springframework.test.context.jdbc.SqlScriptsTestExecutionListener]
Aug 21, 2020 12:45:51 AM org.springframework.test.context.support.AbstractTestContextBootstrapper instantiateListeners
INFO: Could not instantiate TestExecutionListener [org.springframework.test.context.transaction.TransactionalTestExecutionListener]. Specify custom listener classes or make the default listener classes (and their required dependencies) available. Offending class: [org/springframework/transaction/interceptor/TransactionAttributeSource]
Aug 21, 2020 12:45:51 AM org.springframework.test.context.support.AbstractTestContextBootstrapper instantiateListeners
INFO: Could not instantiate TestExecutionListener [org.springframework.test.context.web.ServletTestExecutionListener]. Specify custom listener classes or make the default listener classes (and their required dependencies) available. Offending class: [javax/servlet/ServletContext]
Aug 21, 2020 12:45:51 AM org.springframework.test.context.support.AbstractTestContextBootstrapper instantiateListeners
INFO: Could not instantiate TestExecutionListener [org.springframework.test.context.jdbc.SqlScriptsTestExecutionListener]. Specify custom listener classes or make the default listener classes (and their required dependencies) available. Offending class: [org/springframework/transaction/interceptor/TransactionAttribute]
Aug 21, 2020 12:45:51 AM org.springframework.test.context.support.AbstractTestContextBootstrapper getTestExecutionListeners
INFO: Using TestExecutionListeners: [org.springframework.test.context.support.DirtiesContextBeforeModesTestExecutionListener@6e535154, org.springframework.test.context.support.DependencyInjectionTestExecutionListener@15a34df2, org.springframework.test.context.support.DirtiesContextTestExecutionListener@5b38c1ec]
Aug 21, 2020 12:45:51 AM org.springframework.context.support.AbstractApplicationContext prepareRefresh
INFO: Refreshing org.springframework.context.support.GenericApplicationContext@446a1e84: startup date [Fri Aug 21 00:45:51 IST 2020]; root of context hierarchy
]]></system-err>
  </testcase>
  <testcase name="Demo Scenario2" classname="demo feature" time="0.311">
    <system-out><![CDATA[
Scenario: Demo Scenario2 # feature/Demo.feature:6
My Id------My pwd
  Given the creds        # CucumberDiSpring.steps.DemoSteps.the_creds()
/job/purge
  When hit the endpoint  # CucumberDiSpring.steps.DemoSteps.hit_the_endpoint()
purged withMy Id
  Then Purge happens     # CucumberDiSpring.steps.DemoSteps.purge_happens()
]]></system-out>
    <system-err><![CDATA[Aug 21, 2020 12:45:52 AM org.springframework.test.context.support.AbstractTestContextBootstrapper getDefaultTestExecutionListenerClassNames
INFO: Loaded default TestExecutionListener class names from location [META-INF/spring.factories]: [org.springframework.test.context.web.ServletTestExecutionListener, org.springframework.test.context.support.DirtiesContextBeforeModesTestExecutionListener, org.springframework.test.context.support.DependencyInjectionTestExecutionListener, org.springframework.test.context.support.DirtiesContextTestExecutionListener, org.springframework.test.context.transaction.TransactionalTestExecutionListener, org.springframework.test.context.jdbc.SqlScriptsTestExecutionListener]
Aug 21, 2020 12:45:52 AM org.springframework.test.context.support.AbstractTestContextBootstrapper instantiateListeners
INFO: Could not instantiate TestExecutionListener [org.springframework.test.context.transaction.TransactionalTestExecutionListener]. Specify custom listener classes or make the default listener classes (and their required dependencies) available. Offending class: [org/springframework/transaction/interceptor/TransactionAttributeSource]
Aug 21, 2020 12:45:52 AM org.springframework.test.context.support.AbstractTestContextBootstrapper instantiateListeners
INFO: Could not instantiate TestExecutionListener [org.springframework.test.context.web.ServletTestExecutionListener]. Specify custom listener classes or make the default listener classes (and their required dependencies) available. Offending class: [javax/servlet/ServletContext]
Aug 21, 2020 12:45:52 AM org.springframework.test.context.support.AbstractTestContextBootstrapper instantiateListeners
INFO: Could not instantiate TestExecutionListener [org.springframework.test.context.jdbc.SqlScriptsTestExecutionListener]. Specify custom listener classes or make the default listener classes (and their required dependencies) available. Offending class: [org/springframework/transaction/interceptor/TransactionAttribute]
Aug 21, 2020 12:45:52 AM org.springframework.test.context.support.AbstractTestContextBootstrapper getTestExecutionListeners
INFO: Using TestExecutionListeners: [org.springframework.test.context.support.DirtiesContextBeforeModesTestExecutionListener@6bea52d4, org.springframework.test.context.support.DependencyInjectionTestExecutionListener@11981797, org.springframework.test.context.support.DirtiesContextTestExecutionListener@5c42d2b7]
Aug 21, 2020 12:45:52 AM org.springframework.beans.factory.support.AbstractBeanFactory registerScope
INFO: Replacing scope 'cucumber-glue' from [io.cucumber.spring.GlueCodeScope@625abb97] to [io.cucumber.spring.GlueCodeScope@5b1f29fa]
]]></system-err>
  </testcase>
</testsuite>